<?xml version="1.0" encoding="UTF-8"?>
<!-- Generated by org.testng.reporters.JUnitXMLReporter -->
<testsuite ignored="0" hostname="DUNGS-DESKTOP" failures="3" tests="10" name="suite1-test1" time="0.144" errors="0" timestamp="2023-11-28T15:39:37 ICT">
  <testcase classname="vn.DungVipPro.ktLab7.testClass1" name="t1" time="0.014">
    <failure type="java.lang.AssertionError" message="expected [true] but found [false]">
      <![CDATA[java.lang.AssertionError: expected [true] but found [false]
at vn.DungVipPro.ktLab7.testClass1.t1(testClass1.java:10)
at java.base/java.util.ArrayList.forEach(ArrayList.java:1511)
... Removed 31 stack frames]]>
    </failure>
  </testcase> <!-- t1 -->
  <testcase classname="vn.DungVipPro.ktLab7.testClass1" name="t2" time="0.003">
    <failure type="java.lang.AssertionError" message="expected [true] but found [false]">
      <![CDATA[java.lang.AssertionError: expected [true] but found [false]
at vn.DungVipPro.ktLab7.testClass1.t2(testClass1.java:15)
at java.base/java.util.ArrayList.forEach(ArrayList.java:1511)
... Removed 31 stack frames]]>
    </failure>
  </testcase> <!-- t2 -->
  <testcase classname="vn.DungVipPro.ktLab7.testClass1" name="t3" time="0.001"/>
  <testcase classname="vn.DungVipPro.ktLab7.testClass1" name="t4" time="0.003"/>
  <testcase classname="vn.DungVipPro.ktLab7.testClass1" name="t5" time="0.007"/>
  <testcase classname="vn.DungVipPro.ktLab7.testClass1" name="t5" time="0.011"/>
  <testcase classname="vn.DungVipPro.ktLab7.testClass2" name="c1" time="0.003"/>
  <testcase classname="vn.DungVipPro.ktLab7.testClass2" name="c2" time="0.002"/>
  <testcase classname="vn.DungVipPro.ktLab7.testClass2" name="c3" time="0.003"/>
  <testcase classname="vn.DungVipPro.ktLab7.testClass2" name="c4" time="0.001">
    <failure type="java.lang.AssertionError" message="expected [true] but found [false]">
      <![CDATA[java.lang.AssertionError: expected [true] but found [false]
at vn.DungVipPro.ktLab7.testClass2.c4(testClass2.java:24)
at java.base/java.util.ArrayList.forEach(ArrayList.java:1511)
... Removed 31 stack frames]]>
    </failure>
  </testcase> <!-- c4 -->
</testsuite> <!-- suite1-test1 -->
