<?xml version="1.0" encoding="UTF-8"?>
<!-- Generated by org.testng.reporters.JUnitReportReporter -->
<testsuite hostname="DUNGS-DESKTOP" failures="0" tests="1" name="assertJ.testView$SimpleCopyApplicationTest" time="1.373" errors="1" timestamp="2023-11-15T16:39:09 ICT" skipped="0">
  <testcase classname="assertJ.testView$SimpleCopyApplicationTest" name="shouldCopyTextInLabelWhenClickingButton" time="1.373">
    <error message="Unable to find component using matcher org.assertj.swing.core.NameMatcher[name=&#039;textToCopy&#039;, type=javax.swing.text.JTextComponent, requireShowing=true].

Component hierarchy:
view.testJF[name=&#039;frame0&#039;, title=&#039;&#039;, enabled=true, visible=true, showing=true]
  javax.swing.JRootPane[]
    javax.swing.JPanel[name=&#039;null.glassPane&#039;]
    javax.swing.JLayeredPane[]
      javax.swing.JPanel[name=null]
        javax.swing.JTextField[name=null, text=&#039;&#039;, enabled=true, visible=true, showing=true]
        javax.swing.JTextField[name=null, text=&#039;&#039;, enabled=true, visible=true, showing=true]
        javax.swing.JButton[name=null, text=&#039;New button&#039;, enabled=true, visible=true, showing=true]
" type="org.assertj.swing.exception.ComponentLookupException">
      <![CDATA[org.assertj.swing.exception.ComponentLookupException: Unable to find component using matcher org.assertj.swing.core.NameMatcher[name='textToCopy', type=javax.swing.text.JTextComponent, requireShowing=true].

Component hierarchy:
view.testJF[name='frame0', title='', enabled=true, visible=true, showing=true]
  javax.swing.JRootPane[]
    javax.swing.JPanel[name='null.glassPane']
    javax.swing.JLayeredPane[]
      javax.swing.JPanel[name=null]
        javax.swing.JTextField[name=null, text='', enabled=true, visible=true, showing=true]
        javax.swing.JTextField[name=null, text='', enabled=true, visible=true, showing=true]
        javax.swing.JButton[name=null, text='New button', enabled=true, visible=true, showing=true]

at org.assertj.swing.core.BasicComponentFinder.componentNotFound(BasicComponentFinder.java:287)
at org.assertj.swing.core.BasicComponentFinder.find(BasicComponentFinder.java:272)
at org.assertj.swing.core.BasicComponentFinder.find(BasicComponentFinder.java:265)
at org.assertj.swing.core.BasicComponentFinder.findByName(BasicComponentFinder.java:200)
at org.assertj.swing.fixture.AbstractContainerFixture.findByName(AbstractContainerFixture.java:641)
at org.assertj.swing.fixture.AbstractContainerFixture.textBox(AbstractContainerFixture.java:560)
at assertJ.testView$SimpleCopyApplicationTest.shouldCopyTextInLabelWhenClickingButton(testView.java:31)
at java.base/jdk.internal.reflect.NativeMethodAccessorImpl.invoke0(Native Method)
at java.base/jdk.internal.reflect.NativeMethodAccessorImpl.invoke(NativeMethodAccessorImpl.java:77)
at java.base/jdk.internal.reflect.DelegatingMethodAccessorImpl.invoke(DelegatingMethodAccessorImpl.java:43)
at java.base/java.lang.reflect.Method.invoke(Method.java:568)
at org.testng.internal.MethodInvocationHelper.invokeMethod(MethodInvocationHelper.java:133)
at org.testng.internal.TestInvoker.invokeMethod(TestInvoker.java:598)
at org.testng.internal.TestInvoker.invokeTestMethod(TestInvoker.java:173)
at org.testng.internal.MethodRunner.runInSequence(MethodRunner.java:46)
at org.testng.internal.TestInvoker$MethodInvocationAgent.invoke(TestInvoker.java:824)
at org.testng.internal.TestInvoker.invokeTestMethods(TestInvoker.java:146)
at org.testng.internal.TestMethodWorker.invokeTestMethods(TestMethodWorker.java:146)
at org.testng.internal.TestMethodWorker.run(TestMethodWorker.java:128)
at java.base/java.util.ArrayList.forEach(ArrayList.java:1511)
at org.testng.TestRunner.privateRun(TestRunner.java:794)
at org.testng.TestRunner.run(TestRunner.java:596)
at org.testng.SuiteRunner.runTest(SuiteRunner.java:377)
at org.testng.SuiteRunner.runSequentially(SuiteRunner.java:371)
at org.testng.SuiteRunner.privateRun(SuiteRunner.java:332)
at org.testng.SuiteRunner.run(SuiteRunner.java:276)
at org.testng.SuiteRunnerWorker.runSuite(SuiteRunnerWorker.java:53)
at org.testng.SuiteRunnerWorker.run(SuiteRunnerWorker.java:96)
at org.testng.TestNG.runSuitesSequentially(TestNG.java:1212)
at org.testng.TestNG.runSuitesLocally(TestNG.java:1134)
at org.testng.TestNG.runSuites(TestNG.java:1063)
at org.testng.TestNG.run(TestNG.java:1031)
at org.testng.remote.AbstractRemoteTestNG.run(AbstractRemoteTestNG.java:115)
at org.testng.remote.RemoteTestNG.initAndRun(RemoteTestNG.java:251)
at org.testng.remote.RemoteTestNG.main(RemoteTestNG.java:77)
]]>
    </error>
  </testcase> <!-- shouldCopyTextInLabelWhenClickingButton -->
  <system-out/>
</testsuite> <!-- assertJ.testView$SimpleCopyApplicationTest -->
