<?xml version="1.0" encoding="UTF-8"?>
<!-- Generated by org.testng.reporters.JUnitXMLReporter -->
<testsuite ignored="1" hostname="DUNGS-DESKTOP" failures="3" tests="8" name="main-suite-test1" time="0.036" errors="0" timestamp="2023-11-28T14:44:08 ICT">
  <testcase classname="vn.DungVipPro.ktLab7.testClass" name="a1" time="0.006"/>
  <testcase classname="vn.DungVipPro.ktLab7.testClass" name="a2" time="0.0">
    <failure type="org.testng.TestNGException" message="
Parameter &amp;apos;param&amp;apos; is required by @Test on method a2 but has not been marked @Optional or defined
in C:\Users\Admin\eclipse-workspace\Application\ktLab7\src\main\java\xml\ main-suite.xml">
      <![CDATA[org.testng.TestNGException: 
Parameter 'param' is required by @Test on method a2 but has not been marked @Optional or defined
in C:\Users\Admin\eclipse-workspace\Application\ktLab7\src\main\java\xml\ main-suite.xml
at java.base/java.util.ArrayList.forEach(ArrayList.java:1511)
... Removed 26 stack frames]]>
    </failure>
  </testcase> <!-- a2 -->
  <testcase classname="vn.DungVipPro.ktLab7.testClass1" name="t1" time="0.001">
    <failure type="java.lang.AssertionError" message="expected [true] but found [false]">
      <![CDATA[java.lang.AssertionError: expected [true] but found [false]
at vn.DungVipPro.ktLab7.testClass1.t1(testClass1.java:10)
at java.base/java.util.ArrayList.forEach(ArrayList.java:1511)
... Removed 31 stack frames]]>
    </failure>
  </testcase> <!-- t1 -->
  <testcase classname="vn.DungVipPro.ktLab7.testClass1" name="t2" time="0.0">
    <failure type="java.lang.AssertionError" message="expected [true] but found [false]">
      <![CDATA[java.lang.AssertionError: expected [true] but found [false]
at vn.DungVipPro.ktLab7.testClass1.t2(testClass1.java:15)
at java.base/java.util.ArrayList.forEach(ArrayList.java:1511)
... Removed 31 stack frames]]>
    </failure>
  </testcase> <!-- t2 -->
  <testcase classname="vn.DungVipPro.ktLab7.testClass1" name="t3" time="0.0"/>
  <testcase classname="vn.DungVipPro.ktLab7.testClass1" name="t4" time="0.001"/>
  <testcase classname="vn.DungVipPro.ktLab7.testClass1" name="t5" time="0.0"/>
  <testcase classname="vn.DungVipPro.ktLab7.testClass1" name="t5" time="0.0"/>
  <testcase classname="vn.DungVipPro.ktLab7.testClass" name="a3" time="0.0">
    <ignored/>
  </testcase> <!-- a3 -->
</testsuite> <!-- main-suite-test1 -->
